{"level":"info","message":"MongoDB connection with retry","timestamp":"2020-01-15T14:52:22.238Z"}
{"level":"info","message":"Mongo DB connected...","timestamp":"2020-01-15T14:52:24.227Z"}
{"level":"info","message":"MongoDB connection with retry","timestamp":"2020-01-15T15:10:13.868Z"}
{"level":"info","message":"Mongo DB connected...","timestamp":"2020-01-15T15:10:15.904Z"}
{"level":"info","message":"MongoDB connection with retry","timestamp":"2020-01-15T16:38:52.292Z"}
{"level":"info","message":"Listening on port 9090...","timestamp":"2020-01-15T16:38:52.325Z"}
{"level":"info","message":"Mongo DB connected...","timestamp":"2020-01-15T16:38:54.065Z"}
{"message":"Cannot read property 'matchId' of null","stack":"TypeError: Cannot read property 'matchId' of null\n    at _callee3$ (/Users/santhoshb/Documents/VSC/BetMyCricket/betmycricket-services/betmycricket-services/server/routes/game.js:27:34)\n    at tryCatch (/Users/santhoshb/Documents/VSC/BetMyCricket/betmycricket-services/betmycricket-services/node_modules/@babel/node/node_modules/regenerator-runtime/runtime.js:45:40)\n    at Generator.invoke [as _invoke] (/Users/santhoshb/Documents/VSC/BetMyCricket/betmycricket-services/betmycricket-services/node_modules/@babel/node/node_modules/regenerator-runtime/runtime.js:271:22)\n    at Generator.prototype.(anonymous function) [as next] (/Users/santhoshb/Documents/VSC/BetMyCricket/betmycricket-services/betmycricket-services/node_modules/@babel/node/node_modules/regenerator-runtime/runtime.js:97:21)\n    at asyncGeneratorStep (/Users/santhoshb/Documents/VSC/BetMyCricket/betmycricket-services/betmycricket-services/server/routes/game.js:5:103)\n    at _next (/Users/santhoshb/Documents/VSC/BetMyCricket/betmycricket-services/betmycricket-services/server/routes/game.js:7:194)\n    at process._tickCallback (internal/process/next_tick.js:68:7)","level":"error","timestamp":"2020-01-15T16:39:09.019Z"}
{"level":"info","message":"MongoDB connection with retry","timestamp":"2020-01-15T16:41:12.155Z"}
{"level":"info","message":"Listening on port 9090...","timestamp":"2020-01-15T16:41:12.193Z"}
{"level":"info","message":"Mongo DB connected...","timestamp":"2020-01-15T16:41:14.359Z"}
{"level":"info","message":"MongoDB connection with retry","timestamp":"2020-01-15T16:58:12.497Z"}
{"level":"info","message":"Listening on port 9090...","timestamp":"2020-01-15T16:58:12.547Z"}
{"level":"info","message":"Mongo DB connected...","timestamp":"2020-01-15T16:58:14.210Z"}
{"level":"info","message":"MongoDB connection with retry","timestamp":"2020-01-15T17:02:46.043Z"}
{"level":"info","message":"Listening on port 9090...","timestamp":"2020-01-15T17:02:46.112Z"}
{"level":"info","message":"Mongo DB connected...","timestamp":"2020-01-15T17:02:48.455Z"}
{"level":"info","message":"MongoDB connection with retry","timestamp":"2020-01-15T17:06:07.394Z"}
{"level":"info","message":"Listening on port 9090...","timestamp":"2020-01-15T17:06:07.438Z"}
{"level":"info","message":"Mongo DB connected...","timestamp":"2020-01-15T17:06:09.601Z"}
{"level":"info","message":"MongoDB connection with retry","timestamp":"2020-01-18T16:25:57.790Z"}
{"level":"info","message":"Listening on port 9090...","timestamp":"2020-01-18T16:25:57.827Z"}
{"level":"info","message":"Mongo DB connected...","timestamp":"2020-01-18T16:25:59.946Z"}
{"level":"info","message":"MongoDB connection with retry","timestamp":"2020-01-18T16:30:07.855Z"}
{"level":"info","message":"Listening on port 9090...","timestamp":"2020-01-18T16:30:07.874Z"}
{"level":"info","message":"Mongo DB connected...","timestamp":"2020-01-18T16:30:10.011Z"}
{"level":"info","message":"MongoDB connection with retry","timestamp":"2020-01-18T16:30:36.347Z"}
{"level":"info","message":"Listening on port 9090...","timestamp":"2020-01-18T16:30:36.369Z"}
{"level":"info","message":"Mongo DB connected...","timestamp":"2020-01-18T16:30:38.578Z"}
{"level":"info","message":"MongoDB connection with retry","timestamp":"2020-01-18T16:31:19.557Z"}
{"level":"info","message":"Listening on port 9090...","timestamp":"2020-01-18T16:31:19.585Z"}
{"level":"info","message":"Mongo DB connected...","timestamp":"2020-01-18T16:31:21.588Z"}
{"message":"Cannot read property 'push' of undefined","stack":"TypeError: Cannot read property 'push' of undefined\n    at _callee3$ (/Users/santhoshb/Documents/VSC/BetMyCricket/betmycricket-services/betmycricket-services/server/routes/group.js:57:23)\n    at tryCatch (/Users/santhoshb/Documents/VSC/BetMyCricket/betmycricket-services/betmycricket-services/node_modules/babel-polyfill/node_modules/regenerator-runtime/runtime.js:65:40)\n    at Generator.invoke [as _invoke] (/Users/santhoshb/Documents/VSC/BetMyCricket/betmycricket-services/betmycricket-services/node_modules/babel-polyfill/node_modules/regenerator-runtime/runtime.js:303:22)\n    at Generator.prototype.(anonymous function) [as next] (/Users/santhoshb/Documents/VSC/BetMyCricket/betmycricket-services/betmycricket-services/node_modules/babel-polyfill/node_modules/regenerator-runtime/runtime.js:117:21)\n    at step (/Users/santhoshb/Documents/VSC/BetMyCricket/betmycricket-services/betmycricket-services/server/routes/group.js:7:191)\n    at /Users/santhoshb/Documents/VSC/BetMyCricket/betmycricket-services/betmycricket-services/server/routes/group.js:7:361\n    at process._tickCallback (internal/process/next_tick.js:68:7)","level":"error","timestamp":"2020-01-18T17:22:37.502Z"}
{"level":"info","message":"MongoDB connection with retry","timestamp":"2020-01-18T17:23:34.295Z"}
{"level":"info","message":"Listening on port 9090...","timestamp":"2020-01-18T17:23:34.331Z"}
{"level":"info","message":"Mongo DB connected...","timestamp":"2020-01-18T17:23:35.923Z"}
{"level":"info","message":"MongoDB connection with retry","timestamp":"2020-01-18T17:26:49.536Z"}
{"level":"info","message":"Listening on port 9090...","timestamp":"2020-01-18T17:26:49.568Z"}
{"level":"info","message":"Mongo DB connected...","timestamp":"2020-01-18T17:26:51.195Z"}
{"level":"info","message":"MongoDB connection with retry","timestamp":"2020-01-18T17:29:34.412Z"}
{"level":"info","message":"Listening on port 9090...","timestamp":"2020-01-18T17:29:34.437Z"}
{"level":"info","message":"Mongo DB connected...","timestamp":"2020-01-18T17:29:36.069Z"}
{"level":"info","message":"MongoDB connection with retry","timestamp":"2020-01-18T17:35:51.795Z"}
{"level":"info","message":"Listening on port 9090...","timestamp":"2020-01-18T17:35:51.834Z"}
{"level":"info","message":"Mongo DB connected...","timestamp":"2020-01-18T17:35:53.402Z"}
{"level":"info","message":"MongoDB connection with retry","timestamp":"2020-01-18T17:42:29.180Z"}
{"level":"info","message":"Listening on port 9090...","timestamp":"2020-01-18T17:42:29.211Z"}
{"level":"info","message":"Mongo DB connected...","timestamp":"2020-01-18T17:42:30.830Z"}
{"level":"info","message":"MongoDB connection with retry","timestamp":"2020-01-18T17:42:42.445Z"}
{"level":"info","message":"Listening on port 9090...","timestamp":"2020-01-18T17:42:42.464Z"}
{"level":"info","message":"Mongo DB connected...","timestamp":"2020-01-18T17:42:44.020Z"}
{"level":"info","message":"MongoDB connection with retry","timestamp":"2020-01-18T17:43:06.088Z"}
{"level":"info","message":"Listening on port 9090...","timestamp":"2020-01-18T17:43:06.121Z"}
{"level":"info","message":"Mongo DB connected...","timestamp":"2020-01-18T17:43:07.728Z"}
{"level":"info","message":"MongoDB connection with retry","timestamp":"2020-01-18T17:48:37.135Z"}
{"level":"info","message":"Listening on port 9090...","timestamp":"2020-01-18T17:48:37.175Z"}
{"level":"info","message":"Mongo DB connected...","timestamp":"2020-01-18T17:48:38.833Z"}
{"level":"info","message":"MongoDB connection with retry","timestamp":"2020-01-18T17:48:56.071Z"}
{"level":"info","message":"Listening on port 9090...","timestamp":"2020-01-18T17:48:56.096Z"}
{"level":"info","message":"Mongo DB connected...","timestamp":"2020-01-18T17:48:57.656Z"}
{"level":"info","message":"MongoDB connection with retry","timestamp":"2020-01-18T17:56:46.918Z"}
{"level":"info","message":"Listening on port 9090...","timestamp":"2020-01-18T17:56:46.945Z"}
{"level":"info","message":"Mongo DB connected...","timestamp":"2020-01-18T17:56:48.549Z"}
{"level":"info","message":"MongoDB connection with retry","timestamp":"2020-01-18T17:57:07.434Z"}
{"level":"info","message":"Listening on port 9090...","timestamp":"2020-01-18T17:57:07.455Z"}
{"level":"info","message":"Mongo DB connected...","timestamp":"2020-01-18T17:57:09.064Z"}
{"level":"info","message":"MongoDB connection with retry","timestamp":"2020-01-19T09:30:33.353Z"}
{"level":"info","message":"Listening on port 9090...","timestamp":"2020-01-19T09:30:33.371Z"}
{"level":"info","message":"Mongo DB connected...","timestamp":"2020-01-19T09:30:35.277Z"}
{"level":"info","message":"MongoDB connection with retry","timestamp":"2020-01-19T09:32:02.578Z"}
{"level":"info","message":"Listening on port 9090...","timestamp":"2020-01-19T09:32:02.599Z"}
{"level":"info","message":"Mongo DB connected...","timestamp":"2020-01-19T09:32:04.746Z"}
{"level":"info","message":"MongoDB connection with retry","timestamp":"2020-01-19T09:33:03.207Z"}
{"level":"info","message":"Listening on port 9090...","timestamp":"2020-01-19T09:33:03.237Z"}
{"level":"info","message":"Mongo DB connected...","timestamp":"2020-01-19T09:33:05.269Z"}
{"level":"info","message":"MongoDB connection with retry","timestamp":"2020-01-19T09:33:33.224Z"}
{"level":"info","message":"Listening on port 9090...","timestamp":"2020-01-19T09:33:33.246Z"}
{"level":"info","message":"Mongo DB connected...","timestamp":"2020-01-19T09:33:34.959Z"}
{"level":"info","message":"MongoDB connection with retry","timestamp":"2020-01-19T10:01:09.292Z"}
{"level":"info","message":"Listening on port 9090...","timestamp":"2020-01-19T10:01:09.319Z"}
{"level":"info","message":"Mongo DB connected...","timestamp":"2020-01-19T10:01:11.393Z"}
{"level":"info","message":"MongoDB connection with retry","timestamp":"2020-01-19T10:33:22.844Z"}
{"level":"info","message":"Listening on port 9090...","timestamp":"2020-01-19T10:33:22.867Z"}
{"level":"info","message":"Mongo DB connected...","timestamp":"2020-01-19T10:33:24.913Z"}
{"level":"info","message":"MongoDB connection with retry","timestamp":"2020-01-19T10:33:51.896Z"}
{"level":"info","message":"Listening on port 9090...","timestamp":"2020-01-19T10:33:51.918Z"}
{"level":"info","message":"Mongo DB connected...","timestamp":"2020-01-19T10:33:54.100Z"}
{"level":"info","message":"MongoDB connection with retry","timestamp":"2020-01-19T10:34:04.502Z"}
{"level":"info","message":"Listening on port 9090...","timestamp":"2020-01-19T10:34:04.524Z"}
{"level":"info","message":"Mongo DB connected...","timestamp":"2020-01-19T10:34:06.693Z"}
{"level":"info","message":"MongoDB connection with retry","timestamp":"2020-01-23T02:08:24.618Z"}
{"level":"info","message":"Listening on port 9090...","timestamp":"2020-01-23T02:08:24.647Z"}
{"level":"info","message":"Mongo DB connected...","timestamp":"2020-01-23T02:08:26.870Z"}
{"level":"info","message":"MongoDB connection with retry","timestamp":"2020-01-23T02:22:46.915Z"}
{"level":"info","message":"Listening on port 9090...","timestamp":"2020-01-23T02:22:46.948Z"}
{"level":"info","message":"Mongo DB connected...","timestamp":"2020-01-23T02:22:49.090Z"}
{"level":"info","message":"MongoDB connection with retry","timestamp":"2020-01-23T02:31:50.841Z"}
{"level":"info","message":"Listening on port 9090...","timestamp":"2020-01-23T02:31:50.865Z"}
{"level":"info","message":"Mongo DB connected...","timestamp":"2020-01-23T02:31:52.826Z"}
{"level":"info","message":"MongoDB connection with retry","timestamp":"2020-01-23T03:08:37.576Z"}
{"level":"info","message":"Listening on port 9090...","timestamp":"2020-01-23T03:08:37.597Z"}
{"level":"info","message":"Mongo DB connected...","timestamp":"2020-01-23T03:08:39.444Z"}
{"level":"info","message":"MongoDB connection with retry","timestamp":"2020-01-24T02:36:26.181Z"}
{"level":"info","message":"Listening on port 9090...","timestamp":"2020-01-24T02:36:26.216Z"}
{"level":"info","message":"Mongo DB connected...","timestamp":"2020-01-24T02:36:28.192Z"}
{"level":"info","message":"MongoDB connection with retry","timestamp":"2020-01-24T02:40:51.131Z"}
{"level":"info","message":"Listening on port 9090...","timestamp":"2020-01-24T02:40:51.156Z"}
{"level":"info","message":"Mongo DB connected...","timestamp":"2020-01-24T02:40:53.107Z"}
{"level":"info","message":"MongoDB connection with retry","timestamp":"2020-01-24T02:48:43.576Z"}
{"level":"info","message":"Listening on port 9090...","timestamp":"2020-01-24T02:48:43.601Z"}
{"level":"info","message":"Mongo DB connected...","timestamp":"2020-01-24T02:48:45.794Z"}
{"message":"resultsService.fetchHistoryResults is not a function","stack":"TypeError: resultsService.fetchHistoryResults is not a function\n    at _callee4$ (/Users/santhoshb/Documents/VSC/BetMyCricket/betmycricket-services/betmycricket-services/server/routes/results.js:46:6)\n    at tryCatch (/Users/santhoshb/Documents/VSC/BetMyCricket/betmycricket-services/betmycricket-services/node_modules/babel-polyfill/node_modules/regenerator-runtime/runtime.js:65:40)\n    at Generator.invoke [as _invoke] (/Users/santhoshb/Documents/VSC/BetMyCricket/betmycricket-services/betmycricket-services/node_modules/babel-polyfill/node_modules/regenerator-runtime/runtime.js:303:22)\n    at Generator.prototype.(anonymous function) [as next] (/Users/santhoshb/Documents/VSC/BetMyCricket/betmycricket-services/betmycricket-services/node_modules/babel-polyfill/node_modules/regenerator-runtime/runtime.js:117:21)\n    at step (/Users/santhoshb/Documents/VSC/BetMyCricket/betmycricket-services/betmycricket-services/server/routes/results.js:9:191)\n    at /Users/santhoshb/Documents/VSC/BetMyCricket/betmycricket-services/betmycricket-services/server/routes/results.js:9:361\n    at process._tickCallback (internal/process/next_tick.js:68:7)","level":"error","timestamp":"2020-01-24T02:49:08.434Z"}
{"level":"info","message":"MongoDB connection with retry","timestamp":"2020-01-24T02:49:30.992Z"}
{"level":"info","message":"Listening on port 9090...","timestamp":"2020-01-24T02:49:31.019Z"}
{"level":"info","message":"Mongo DB connected...","timestamp":"2020-01-24T02:49:32.999Z"}
{"level":"info","message":"MongoDB connection with retry","timestamp":"2020-01-24T02:52:26.061Z"}
{"level":"info","message":"Listening on port 9090...","timestamp":"2020-01-24T02:52:26.092Z"}
{"level":"info","message":"Mongo DB connected...","timestamp":"2020-01-24T02:52:28.214Z"}
{"level":"info","message":"MongoDB connection with retry","timestamp":"2020-01-24T03:12:13.901Z"}
{"level":"info","message":"Listening on port 9090...","timestamp":"2020-01-24T03:12:13.923Z"}
{"level":"info","message":"Mongo DB connected...","timestamp":"2020-01-24T03:12:15.843Z"}
{"level":"info","message":"MongoDB connection with retry","timestamp":"2020-01-24T03:12:31.055Z"}
{"level":"info","message":"Listening on port 9090...","timestamp":"2020-01-24T03:12:31.083Z"}
{"level":"info","message":"Mongo DB connected...","timestamp":"2020-01-24T03:12:33.144Z"}
{"level":"info","message":"MongoDB connection with retry","timestamp":"2020-01-24T03:14:16.724Z"}
{"level":"info","message":"Listening on port 9090...","timestamp":"2020-01-24T03:14:16.753Z"}
{"level":"info","message":"Mongo DB connected...","timestamp":"2020-01-24T03:14:18.720Z"}
{"level":"info","message":"MongoDB connection with retry","timestamp":"2020-01-24T03:14:35.923Z"}
{"level":"info","message":"Listening on port 9090...","timestamp":"2020-01-24T03:14:35.951Z"}
{"level":"info","message":"Mongo DB connected...","timestamp":"2020-01-24T03:14:37.866Z"}
{"level":"info","message":"MongoDB connection with retry","timestamp":"2020-01-24T03:18:25.762Z"}
{"level":"info","message":"Listening on port 9090...","timestamp":"2020-01-24T03:18:25.790Z"}
{"level":"info","message":"Mongo DB connected...","timestamp":"2020-01-24T03:18:30.311Z"}
{"level":"info","message":"MongoDB connection with retry","timestamp":"2020-01-26T05:02:30.084Z"}
{"level":"info","message":"Listening on port 9090...","timestamp":"2020-01-26T05:02:30.114Z"}
{"level":"info","message":"Mongo DB connected...","timestamp":"2020-01-26T05:02:32.437Z"}
{"level":"info","message":"MongoDB connection with retry","timestamp":"2020-01-26T05:05:00.317Z"}
{"level":"info","message":"Listening on port 9090...","timestamp":"2020-01-26T05:05:00.345Z"}
{"level":"info","message":"Mongo DB connected...","timestamp":"2020-01-26T05:05:02.460Z"}
{"level":"info","message":"MongoDB connection with retry","timestamp":"2020-01-26T05:09:46.324Z"}
{"level":"info","message":"Listening on port 9090...","timestamp":"2020-01-26T05:09:46.355Z"}
{"level":"info","message":"Mongo DB connected...","timestamp":"2020-01-26T05:09:48.275Z"}
{"level":"info","message":"MongoDB connection with retry","timestamp":"2020-01-26T05:10:16.038Z"}
{"level":"info","message":"Listening on port 9090...","timestamp":"2020-01-26T05:10:16.064Z"}
{"level":"info","message":"Mongo DB connected...","timestamp":"2020-01-26T05:10:18.076Z"}
{"level":"info","message":"MongoDB connection with retry","timestamp":"2020-01-26T05:11:12.532Z"}
{"level":"info","message":"Listening on port 9090...","timestamp":"2020-01-26T05:11:12.559Z"}
{"level":"info","message":"Mongo DB connected...","timestamp":"2020-01-26T05:11:14.698Z"}
{"message":"utils.populate: invalid path. Expected string. Got typeof `object`","stack":"TypeError: utils.populate: invalid path. Expected string. Got typeof `object`\n    at populate (/Users/santhoshb/Documents/VSC/BetMyCricket/betmycricket-services/betmycricket-services/node_modules/mongoose/lib/utils.js:707:11)\n    at model.Query.Query.populate (/Users/santhoshb/Documents/VSC/BetMyCricket/betmycricket-services/betmycricket-services/node_modules/mongoose/lib/query.js:4524:30)\n    at _callee4$ (/Users/santhoshb/Documents/VSC/BetMyCricket/betmycricket-services/betmycricket-services/server/routes/results.js:44:6)\n    at tryCatch (/Users/santhoshb/Documents/VSC/BetMyCricket/betmycricket-services/betmycricket-services/node_modules/babel-polyfill/node_modules/regenerator-runtime/runtime.js:65:40)\n    at Generator.invoke [as _invoke] (/Users/santhoshb/Documents/VSC/BetMyCricket/betmycricket-services/betmycricket-services/node_modules/babel-polyfill/node_modules/regenerator-runtime/runtime.js:303:22)\n    at Generator.prototype.(anonymous function) [as next] (/Users/santhoshb/Documents/VSC/BetMyCricket/betmycricket-services/betmycricket-services/node_modules/babel-polyfill/node_modules/regenerator-runtime/runtime.js:117:21)\n    at step (/Users/santhoshb/Documents/VSC/BetMyCricket/betmycricket-services/betmycricket-services/server/routes/results.js:9:191)\n    at /Users/santhoshb/Documents/VSC/BetMyCricket/betmycricket-services/betmycricket-services/server/routes/results.js:9:437\n    at new Promise (<anonymous>)\n    at /Users/santhoshb/Documents/VSC/BetMyCricket/betmycricket-services/betmycricket-services/server/routes/results.js:9:99\n    at /Users/santhoshb/Documents/VSC/BetMyCricket/betmycricket-services/betmycricket-services/server/routes/results.js:39:1\n    at newFn (/Users/santhoshb/Documents/VSC/BetMyCricket/betmycricket-services/betmycricket-services/node_modules/express-async-errors/index.js:16:20)\n    at Layer.handle [as handle_request] (/Users/santhoshb/Documents/VSC/BetMyCricket/betmycricket-services/betmycricket-services/node_modules/express/lib/router/layer.js:95:5)\n    at next (/Users/santhoshb/Documents/VSC/BetMyCricket/betmycricket-services/betmycricket-services/node_modules/express/lib/router/route.js:137:13)\n    at Route.dispatch (/Users/santhoshb/Documents/VSC/BetMyCricket/betmycricket-services/betmycricket-services/node_modules/express/lib/router/route.js:112:3)\n    at newFn (/Users/santhoshb/Documents/VSC/BetMyCricket/betmycricket-services/betmycricket-services/node_modules/express-async-errors/index.js:16:20)","level":"error","timestamp":"2020-01-26T05:11:15.167Z"}
{"level":"info","message":"MongoDB connection with retry","timestamp":"2020-01-26T05:11:27.559Z"}
{"level":"info","message":"Listening on port 9090...","timestamp":"2020-01-26T05:11:27.592Z"}
{"level":"info","message":"Mongo DB connected...","timestamp":"2020-01-26T05:11:29.438Z"}
{"level":"info","message":"MongoDB connection with retry","timestamp":"2020-01-26T05:12:54.059Z"}
{"level":"info","message":"Listening on port 9090...","timestamp":"2020-01-26T05:12:54.087Z"}
{"level":"info","message":"Mongo DB connected...","timestamp":"2020-01-26T05:12:56.177Z"}
{"level":"info","message":"MongoDB connection with retry","timestamp":"2020-01-26T05:13:06.846Z"}
{"level":"info","message":"Listening on port 9090...","timestamp":"2020-01-26T05:13:06.870Z"}
{"level":"info","message":"Mongo DB connected...","timestamp":"2020-01-26T05:13:09.077Z"}
{"message":"utils.populate: invalid path. Expected string. Got typeof `object`","stack":"TypeError: utils.populate: invalid path. Expected string. Got typeof `object`\n    at populate (/Users/santhoshb/Documents/VSC/BetMyCricket/betmycricket-services/betmycricket-services/node_modules/mongoose/lib/utils.js:707:11)\n    at model.Query.Query.populate (/Users/santhoshb/Documents/VSC/BetMyCricket/betmycricket-services/betmycricket-services/node_modules/mongoose/lib/query.js:4524:30)\n    at _callee4$ (/Users/santhoshb/Documents/VSC/BetMyCricket/betmycricket-services/betmycricket-services/server/routes/results.js:49:6)\n    at tryCatch (/Users/santhoshb/Documents/VSC/BetMyCricket/betmycricket-services/betmycricket-services/node_modules/babel-polyfill/node_modules/regenerator-runtime/runtime.js:65:40)\n    at Generator.invoke [as _invoke] (/Users/santhoshb/Documents/VSC/BetMyCricket/betmycricket-services/betmycricket-services/node_modules/babel-polyfill/node_modules/regenerator-runtime/runtime.js:303:22)\n    at Generator.prototype.(anonymous function) [as next] (/Users/santhoshb/Documents/VSC/BetMyCricket/betmycricket-services/betmycricket-services/node_modules/babel-polyfill/node_modules/regenerator-runtime/runtime.js:117:21)\n    at step (/Users/santhoshb/Documents/VSC/BetMyCricket/betmycricket-services/betmycricket-services/server/routes/results.js:9:191)\n    at /Users/santhoshb/Documents/VSC/BetMyCricket/betmycricket-services/betmycricket-services/server/routes/results.js:9:437\n    at new Promise (<anonymous>)\n    at /Users/santhoshb/Documents/VSC/BetMyCricket/betmycricket-services/betmycricket-services/server/routes/results.js:9:99\n    at /Users/santhoshb/Documents/VSC/BetMyCricket/betmycricket-services/betmycricket-services/server/routes/results.js:39:1\n    at newFn (/Users/santhoshb/Documents/VSC/BetMyCricket/betmycricket-services/betmycricket-services/node_modules/express-async-errors/index.js:16:20)\n    at Layer.handle [as handle_request] (/Users/santhoshb/Documents/VSC/BetMyCricket/betmycricket-services/betmycricket-services/node_modules/express/lib/router/layer.js:95:5)\n    at next (/Users/santhoshb/Documents/VSC/BetMyCricket/betmycricket-services/betmycricket-services/node_modules/express/lib/router/route.js:137:13)\n    at Route.dispatch (/Users/santhoshb/Documents/VSC/BetMyCricket/betmycricket-services/betmycricket-services/node_modules/express/lib/router/route.js:112:3)\n    at newFn (/Users/santhoshb/Documents/VSC/BetMyCricket/betmycricket-services/betmycricket-services/node_modules/express-async-errors/index.js:16:20)","level":"error","timestamp":"2020-01-26T05:13:15.569Z"}
{"level":"info","message":"MongoDB connection with retry","timestamp":"2020-01-26T05:13:41.923Z"}
{"level":"info","message":"Listening on port 9090...","timestamp":"2020-01-26T05:13:41.947Z"}
{"level":"info","message":"Mongo DB connected...","timestamp":"2020-01-26T05:13:44.107Z"}
{"level":"info","message":"MongoDB connection with retry","timestamp":"2020-01-26T05:14:38.617Z"}
{"level":"info","message":"Listening on port 9090...","timestamp":"2020-01-26T05:14:38.648Z"}
{"level":"info","message":"Mongo DB connected...","timestamp":"2020-01-26T05:14:40.712Z"}
{"level":"info","message":"MongoDB connection with retry","timestamp":"2020-01-26T05:16:14.754Z"}
{"level":"info","message":"Listening on port 9090...","timestamp":"2020-01-26T05:16:14.776Z"}
{"level":"info","message":"Mongo DB connected...","timestamp":"2020-01-26T05:16:16.786Z"}
{"level":"info","message":"MongoDB connection with retry","timestamp":"2020-01-26T05:17:12.124Z"}
{"level":"info","message":"Listening on port 9090...","timestamp":"2020-01-26T05:17:12.152Z"}
{"level":"info","message":"Mongo DB connected...","timestamp":"2020-01-26T05:17:13.919Z"}
{"message":"utils.populate: invalid path. Expected string. Got typeof `object`","stack":"TypeError: utils.populate: invalid path. Expected string. Got typeof `object`\n    at populate (/Users/santhoshb/Documents/VSC/BetMyCricket/betmycricket-services/betmycricket-services/node_modules/mongoose/lib/utils.js:707:11)\n    at model.Query.Query.populate (/Users/santhoshb/Documents/VSC/BetMyCricket/betmycricket-services/betmycricket-services/node_modules/mongoose/lib/query.js:4524:30)\n    at _callee4$ (/Users/santhoshb/Documents/VSC/BetMyCricket/betmycricket-services/betmycricket-services/server/routes/results.js:49:6)\n    at tryCatch (/Users/santhoshb/Documents/VSC/BetMyCricket/betmycricket-services/betmycricket-services/node_modules/babel-polyfill/node_modules/regenerator-runtime/runtime.js:65:40)\n    at Generator.invoke [as _invoke] (/Users/santhoshb/Documents/VSC/BetMyCricket/betmycricket-services/betmycricket-services/node_modules/babel-polyfill/node_modules/regenerator-runtime/runtime.js:303:22)\n    at Generator.prototype.(anonymous function) [as next] (/Users/santhoshb/Documents/VSC/BetMyCricket/betmycricket-services/betmycricket-services/node_modules/babel-polyfill/node_modules/regenerator-runtime/runtime.js:117:21)\n    at step (/Users/santhoshb/Documents/VSC/BetMyCricket/betmycricket-services/betmycricket-services/server/routes/results.js:9:191)\n    at /Users/santhoshb/Documents/VSC/BetMyCricket/betmycricket-services/betmycricket-services/server/routes/results.js:9:437\n    at new Promise (<anonymous>)\n    at /Users/santhoshb/Documents/VSC/BetMyCricket/betmycricket-services/betmycricket-services/server/routes/results.js:9:99\n    at /Users/santhoshb/Documents/VSC/BetMyCricket/betmycricket-services/betmycricket-services/server/routes/results.js:39:1\n    at newFn (/Users/santhoshb/Documents/VSC/BetMyCricket/betmycricket-services/betmycricket-services/node_modules/express-async-errors/index.js:16:20)\n    at Layer.handle [as handle_request] (/Users/santhoshb/Documents/VSC/BetMyCricket/betmycricket-services/betmycricket-services/node_modules/express/lib/router/layer.js:95:5)\n    at next (/Users/santhoshb/Documents/VSC/BetMyCricket/betmycricket-services/betmycricket-services/node_modules/express/lib/router/route.js:137:13)\n    at Route.dispatch (/Users/santhoshb/Documents/VSC/BetMyCricket/betmycricket-services/betmycricket-services/node_modules/express/lib/router/route.js:112:3)\n    at newFn (/Users/santhoshb/Documents/VSC/BetMyCricket/betmycricket-services/betmycricket-services/node_modules/express-async-errors/index.js:16:20)","level":"error","timestamp":"2020-01-26T05:17:16.228Z"}
{"level":"info","message":"MongoDB connection with retry","timestamp":"2020-01-26T05:17:46.168Z"}
{"level":"info","message":"Listening on port 9090...","timestamp":"2020-01-26T05:17:46.200Z"}
{"level":"info","message":"Mongo DB connected...","timestamp":"2020-01-26T05:17:48.021Z"}
{"level":"info","message":"MongoDB connection with retry","timestamp":"2020-01-26T05:17:53.929Z"}
{"level":"info","message":"Listening on port 9090...","timestamp":"2020-01-26T05:17:53.957Z"}
{"level":"info","message":"Mongo DB connected...","timestamp":"2020-01-26T05:18:01.125Z"}
{"level":"info","message":"MongoDB connection with retry","timestamp":"2020-01-26T05:19:53.578Z"}
{"level":"info","message":"Listening on port 9090...","timestamp":"2020-01-26T05:19:53.617Z"}
{"level":"info","message":"Mongo DB connected...","timestamp":"2020-01-26T05:19:55.820Z"}
{"level":"info","message":"MongoDB connection with retry","timestamp":"2020-01-26T05:20:10.742Z"}
{"level":"info","message":"Listening on port 9090...","timestamp":"2020-01-26T05:20:10.778Z"}
{"level":"info","message":"Mongo DB connected...","timestamp":"2020-01-26T05:20:12.718Z"}
{"level":"info","message":"MongoDB connection with retry","timestamp":"2020-01-26T05:20:27.745Z"}
{"level":"info","message":"Listening on port 9090...","timestamp":"2020-01-26T05:20:27.777Z"}
{"level":"info","message":"Mongo DB connected...","timestamp":"2020-01-26T05:20:29.906Z"}
{"level":"info","message":"MongoDB connection with retry","timestamp":"2020-01-26T05:43:09.672Z"}
{"level":"info","message":"Listening on port 9090...","timestamp":"2020-01-26T05:43:09.710Z"}
{"level":"info","message":"Mongo DB connected...","timestamp":"2020-01-26T05:43:11.923Z"}
{"level":"info","message":"MongoDB connection with retry","timestamp":"2020-01-26T05:44:39.777Z"}
{"level":"info","message":"Listening on port 9090...","timestamp":"2020-01-26T05:44:39.807Z"}
{"level":"info","message":"Mongo DB connected...","timestamp":"2020-01-26T05:44:41.833Z"}
{"level":"info","message":"MongoDB connection with retry","timestamp":"2020-01-26T05:48:46.943Z"}
{"level":"info","message":"Listening on port 9090...","timestamp":"2020-01-26T05:48:46.973Z"}
{"level":"info","message":"Mongo DB connected...","timestamp":"2020-01-26T05:48:49.027Z"}
{"level":"info","message":"MongoDB connection with retry","timestamp":"2020-01-26T05:50:07.625Z"}
{"level":"info","message":"Listening on port 9090...","timestamp":"2020-01-26T05:50:07.656Z"}
{"level":"info","message":"Mongo DB connected...","timestamp":"2020-01-26T05:50:09.818Z"}
{"level":"info","message":"MongoDB connection with retry","timestamp":"2020-01-26T05:51:41.881Z"}
{"level":"info","message":"Listening on port 9090...","timestamp":"2020-01-26T05:51:41.907Z"}
{"level":"info","message":"Mongo DB connected...","timestamp":"2020-01-26T05:51:44.127Z"}
{"level":"info","message":"MongoDB connection with retry","timestamp":"2020-01-26T05:53:00.802Z"}
{"level":"info","message":"Listening on port 9090...","timestamp":"2020-01-26T05:53:00.826Z"}
{"level":"info","message":"Mongo DB connected...","timestamp":"2020-01-26T05:53:02.977Z"}
{"level":"info","message":"MongoDB connection with retry","timestamp":"2020-01-26T05:53:36.951Z"}
{"level":"info","message":"Listening on port 9090...","timestamp":"2020-01-26T05:53:36.985Z"}
{"level":"info","message":"Mongo DB connected...","timestamp":"2020-01-26T05:53:39.125Z"}
{"message":"Cannot read property 'matchId' of null","stack":"TypeError: Cannot read property 'matchId' of null\n    at _callee4$ (/Users/santhoshb/Documents/VSC/BetMyCricket/betmycricket-services/betmycricket-services/server/routes/schedule.js:111:25)\n    at tryCatch (/Users/santhoshb/Documents/VSC/BetMyCricket/betmycricket-services/betmycricket-services/node_modules/babel-polyfill/node_modules/regenerator-runtime/runtime.js:65:40)\n    at Generator.invoke [as _invoke] (/Users/santhoshb/Documents/VSC/BetMyCricket/betmycricket-services/betmycricket-services/node_modules/babel-polyfill/node_modules/regenerator-runtime/runtime.js:303:22)\n    at Generator.prototype.(anonymous function) [as next] (/Users/santhoshb/Documents/VSC/BetMyCricket/betmycricket-services/betmycricket-services/node_modules/babel-polyfill/node_modules/regenerator-runtime/runtime.js:117:21)\n    at step (/Users/santhoshb/Documents/VSC/BetMyCricket/betmycricket-services/betmycricket-services/server/routes/schedule.js:11:191)\n    at /Users/santhoshb/Documents/VSC/BetMyCricket/betmycricket-services/betmycricket-services/server/routes/schedule.js:11:361\n    at process._tickCallback (internal/process/next_tick.js:68:7)","level":"error","timestamp":"2020-01-26T13:48:03.333Z"}
{"level":"info","message":"MongoDB connection with retry","timestamp":"2020-01-31T02:54:51.683Z"}
{"level":"info","message":"MongoDB connection with retry","timestamp":"2020-03-01T10:46:16.429Z"}
{"level":"info","message":"MongoDB connection with retry","timestamp":"2020-03-01T10:47:55.495Z"}
{"level":"info","message":"Listening on port 9090...","timestamp":"2020-03-01T10:47:55.522Z"}
{"level":"info","message":"Mongo DB connected...","timestamp":"2020-03-01T10:47:57.763Z"}
